The system is: Darwin - 22.4.0 - arm64
Compiling the CXX compiler identification source file "CMakeCXXCompilerId.cpp" succeeded.
Compiler: /Applications/Xcode.app/Contents/Developer/Toolchains/XcodeDefault.xctoolchain/usr/bin/c++ 
Build flags: 
Id flags: -c 

The output was:
0


Compilation of the CXX compiler identification source "CMakeCXXCompilerId.cpp" produced "CMakeCXXCompilerId.o"

The CXX compiler identification is AppleClang, found in "/Users/kronos.di.vlad/Desktop/SEA_folder/cmake-build-debug/CMakeFiles/3.24.2/CompilerIdCXX/CMakeCXXCompilerId.o"

Compiling the C compiler identification source file "CMakeCCompilerId.c" succeeded.
Compiler: /Applications/Xcode.app/Contents/Developer/Toolchains/XcodeDefault.xctoolchain/usr/bin/cc 
Build flags: 
Id flags: -c 

The output was:
0


Compilation of the C compiler identification source "CMakeCCompilerId.c" produced "CMakeCCompilerId.o"

The C compiler identification is AppleClang, found in "/Users/kronos.di.vlad/Desktop/SEA_folder/cmake-build-debug/CMakeFiles/3.24.2/CompilerIdC/CMakeCCompilerId.o"

Detecting CXX compiler ABI info compiled with the following output:
Change Dir: /Users/kronos.di.vlad/Desktop/SEA_folder/cmake-build-debug/CMakeFiles/CMakeTmp

Run Build Command(s):/Applications/CLion.app/Contents/bin/ninja/mac/ninja cmTC_4b9fd && [1/2] Building CXX object CMakeFiles/cmTC_4b9fd.dir/CMakeCXXCompilerABI.cpp.o
Apple clang version 14.0.3 (clang-1403.0.22.14.1)
Target: arm64-apple-darwin22.4.0
Thread model: posix
InstalledDir: /Applications/Xcode.app/Contents/Developer/Toolchains/XcodeDefault.xctoolchain/usr/bin
clang: warning: -Wl,-v: 'linker' input unused [-Wunused-command-line-argument]
 "/Applications/Xcode.app/Contents/Developer/Toolchains/XcodeDefault.xctoolchain/usr/bin/clang" -cc1 -triple arm64-apple-macosx13.0.0 -Wundef-prefix=TARGET_OS_ -Wdeprecated-objc-isa-usage -Werror=deprecated-objc-isa-usage -Werror=implicit-function-declaration -emit-obj -mrelax-all --mrelax-relocations -disable-free -clear-ast-before-backend -disable-llvm-verifier -discard-value-names -main-file-name CMakeCXXCompilerABI.cpp -mrelocation-model pic -pic-level 2 -mframe-pointer=non-leaf -fno-strict-return -ffp-contract=on -fno-rounding-math -funwind-tables=1 -fobjc-msgsend-selector-stubs -target-sdk-version=13.3 -fvisibility-inlines-hidden-static-local-var -target-cpu apple-m1 -target-feature +v8.5a -target-feature +crc -target-feature +lse -target-feature +rdm -target-feature +crypto -target-feature +dotprod -target-feature +fp-armv8 -target-feature +neon -target-feature +fp16fml -target-feature +ras -target-feature +rcpc -target-feature +zcm -target-feature +zcz -target-feature +fullfp16 -target-feature +sm4 -target-feature +sha3 -target-feature +sha2 -target-feature +aes -target-abi darwinpcs -fallow-half-arguments-and-returns -mllvm -treat-scalable-fixed-error-as-warning -debugger-tuning=lldb -target-linker-version 857.1 -v -fcoverage-compilation-dir=/Users/kronos.di.vlad/Desktop/SEA_folder/cmake-build-debug/CMakeFiles/CMakeTmp -resource-dir /Applications/Xcode.app/Contents/Developer/Toolchains/XcodeDefault.xctoolchain/usr/lib/clang/14.0.3 -dependency-file CMakeFiles/cmTC_4b9fd.dir/CMakeCXXCompilerABI.cpp.o.d -skip-unused-modulemap-deps -MT CMakeFiles/cmTC_4b9fd.dir/CMakeCXXCompilerABI.cpp.o -sys-header-deps -isysroot /Applications/Xcode.app/Contents/Developer/Platforms/MacOSX.platform/Developer/SDKs/MacOSX13.3.sdk -stdlib=libc++ -internal-isystem /Applications/Xcode.app/Contents/Developer/Platforms/MacOSX.platform/Developer/SDKs/MacOSX13.3.sdk/usr/include/c++/v1 -internal-isystem /Applications/Xcode.app/Contents/Developer/Platforms/MacOSX.platform/Developer/SDKs/MacOSX13.3.sdk/usr/local/include -internal-isystem /Applications/Xcode.app/Contents/Developer/Toolchains/XcodeDefault.xctoolchain/usr/lib/clang/14.0.3/include -internal-externc-isystem /Applications/Xcode.app/Contents/Developer/Platforms/MacOSX.platform/Developer/SDKs/MacOSX13.3.sdk/usr/include -internal-externc-isystem /Applications/Xcode.app/Contents/Developer/Toolchains/XcodeDefault.xctoolchain/usr/include -Wno-reorder-init-list -Wno-implicit-int-float-conversion -Wno-c99-designator -Wno-final-dtor-non-final-class -Wno-extra-semi-stmt -Wno-misleading-indentation -Wno-quoted-include-in-framework-header -Wno-implicit-fallthrough -Wno-enum-enum-conversion -Wno-enum-float-conversion -Wno-elaborated-enum-base -Wno-reserved-identifier -Wno-gnu-folding-constant -fdeprecated-macro -fdebug-compilation-dir=/Users/kronos.di.vlad/Desktop/SEA_folder/cmake-build-debug/CMakeFiles/CMakeTmp -ferror-limit 19 -stack-protector 1 -fstack-check -mdarwin-stkchk-strong-link -fblocks -fencode-extended-block-signature -fregister-global-dtors-with-atexit -fgnuc-version=4.2.1 -fno-cxx-modules -no-opaque-pointers -fcxx-exceptions -fexceptions -fmax-type-align=16 -fcommon -fcolor-diagnostics -clang-vendor-feature=+disableNonDependentMemberExprInCurrentInstantiation -fno-odr-hash-protocols -clang-vendor-feature=+enableAggressiveVLAFolding -clang-vendor-feature=+revert09abecef7bbf -clang-vendor-feature=+thisNoAlignAttr -clang-vendor-feature=+thisNoNullAttr -mllvm -disable-aligned-alloc-awareness=1 -D__GCC_HAVE_DWARF2_CFI_ASM=1 -o CMakeFiles/cmTC_4b9fd.dir/CMakeCXXCompilerABI.cpp.o -x c++ /Applications/CLion.app/Contents/bin/cmake/mac/share/cmake-3.24/Modules/CMakeCXXCompilerABI.cpp
clang -cc1 version 14.0.3 (clang-1403.0.22.14.1) default target arm64-apple-darwin22.4.0
ignoring nonexistent directory "/Applications/Xcode.app/Contents/Developer/Platforms/MacOSX.platform/Developer/SDKs/MacOSX13.3.sdk/usr/local/include"
ignoring nonexistent directory "/Applications/Xcode.app/Contents/Developer/Platforms/MacOSX.platform/Developer/SDKs/MacOSX13.3.sdk/Library/Frameworks"
#include "..." search starts here:
#include <...> search starts here:
 /Applications/Xcode.app/Contents/Developer/Platforms/MacOSX.platform/Developer/SDKs/MacOSX13.3.sdk/usr/include/c++/v1
 /Applications/Xcode.app/Contents/Developer/Toolchains/XcodeDefault.xctoolchain/usr/lib/clang/14.0.3/include
 /Applications/Xcode.app/Contents/Developer/Platforms/MacOSX.platform/Developer/SDKs/MacOSX13.3.sdk/usr/include
 /Applications/Xcode.app/Contents/Developer/Toolchains/XcodeDefault.xctoolchain/usr/include
 /Applications/Xcode.app/Contents/Developer/Platforms/MacOSX.platform/Developer/SDKs/MacOSX13.3.sdk/System/Library/Frameworks (framework directory)
End of search list.
[2/2] Linking CXX executable cmTC_4b9fd
Apple clang version 14.0.3 (clang-1403.0.22.14.1)
Target: arm64-apple-darwin22.4.0
Thread model: posix
InstalledDir: /Applications/Xcode.app/Contents/Developer/Toolchains/XcodeDefault.xctoolchain/usr/bin
 "/Applications/Xcode.app/Contents/Developer/Toolchains/XcodeDefault.xctoolchain/usr/bin/ld" -demangle -lto_library /Applications/Xcode.app/Contents/Developer/Toolchains/XcodeDefault.xctoolchain/usr/lib/libLTO.dylib -dynamic -arch arm64 -platform_version macos 13.0.0 13.3 -syslibroot /Applications/Xcode.app/Contents/Developer/Platforms/MacOSX.platform/Developer/SDKs/MacOSX13.3.sdk -o cmTC_4b9fd -search_paths_first -headerpad_max_install_names -v CMakeFiles/cmTC_4b9fd.dir/CMakeCXXCompilerABI.cpp.o -lc++ -lSystem /Applications/Xcode.app/Contents/Developer/Toolchains/XcodeDefault.xctoolchain/usr/lib/clang/14.0.3/lib/darwin/libclang_rt.osx.a
@(#)PROGRAM:ld  PROJECT:ld64-857.1
BUILD 16:59:58 Feb 24 2023
configured to support archs: armv6 armv7 armv7s arm64 arm64e arm64_32 i386 x86_64 x86_64h armv6m armv7k armv7m armv7em
Library search paths:
	/Applications/Xcode.app/Contents/Developer/Platforms/MacOSX.platform/Developer/SDKs/MacOSX13.3.sdk/usr/lib
Framework search paths:
	/Applications/Xcode.app/Contents/Developer/Platforms/MacOSX.platform/Developer/SDKs/MacOSX13.3.sdk/System/Library/Frameworks/



Parsed CXX implicit include dir info from above output: rv=done
  found start of include info
  found start of implicit include info
    add: [/Applications/Xcode.app/Contents/Developer/Platforms/MacOSX.platform/Developer/SDKs/MacOSX13.3.sdk/usr/include/c++/v1]
    add: [/Applications/Xcode.app/Contents/Developer/Toolchains/XcodeDefault.xctoolchain/usr/lib/clang/14.0.3/include]
    add: [/Applications/Xcode.app/Contents/Developer/Platforms/MacOSX.platform/Developer/SDKs/MacOSX13.3.sdk/usr/include]
    add: [/Applications/Xcode.app/Contents/Developer/Toolchains/XcodeDefault.xctoolchain/usr/include]
  end of search list found
  collapse include dir [/Applications/Xcode.app/Contents/Developer/Platforms/MacOSX.platform/Developer/SDKs/MacOSX13.3.sdk/usr/include/c++/v1] ==> [/Applications/Xcode.app/Contents/Developer/Platforms/MacOSX.platform/Developer/SDKs/MacOSX13.3.sdk/usr/include/c++/v1]
  collapse include dir [/Applications/Xcode.app/Contents/Developer/Toolchains/XcodeDefault.xctoolchain/usr/lib/clang/14.0.3/include] ==> [/Applications/Xcode.app/Contents/Developer/Toolchains/XcodeDefault.xctoolchain/usr/lib/clang/14.0.3/include]
  collapse include dir [/Applications/Xcode.app/Contents/Developer/Platforms/MacOSX.platform/Developer/SDKs/MacOSX13.3.sdk/usr/include] ==> [/Applications/Xcode.app/Contents/Developer/Platforms/MacOSX.platform/Developer/SDKs/MacOSX13.3.sdk/usr/include]
  collapse include dir [/Applications/Xcode.app/Contents/Developer/Toolchains/XcodeDefault.xctoolchain/usr/include] ==> [/Applications/Xcode.app/Contents/Developer/Toolchains/XcodeDefault.xctoolchain/usr/include]
  implicit include dirs: [/Applications/Xcode.app/Contents/Developer/Platforms/MacOSX.platform/Developer/SDKs/MacOSX13.3.sdk/usr/include/c++/v1;/Applications/Xcode.app/Contents/Developer/Toolchains/XcodeDefault.xctoolchain/usr/lib/clang/14.0.3/include;/Applications/Xcode.app/Contents/Developer/Platforms/MacOSX.platform/Developer/SDKs/MacOSX13.3.sdk/usr/include;/Applications/Xcode.app/Contents/Developer/Toolchains/XcodeDefault.xctoolchain/usr/include]


Parsed CXX implicit link information from above output:
  link line regex: [^( *|.*[/\])(ld|CMAKE_LINK_STARTFILE-NOTFOUND|([^/\]+-)?ld|collect2)[^/\]*( |$)]
  ignore line: [Change Dir: /Users/kronos.di.vlad/Desktop/SEA_folder/cmake-build-debug/CMakeFiles/CMakeTmp]
  ignore line: []
  ignore line: [Run Build Command(s):/Applications/CLion.app/Contents/bin/ninja/mac/ninja cmTC_4b9fd && [1/2] Building CXX object CMakeFiles/cmTC_4b9fd.dir/CMakeCXXCompilerABI.cpp.o]
  ignore line: [Apple clang version 14.0.3 (clang-1403.0.22.14.1)]
  ignore line: [Target: arm64-apple-darwin22.4.0]
  ignore line: [Thread model: posix]
  ignore line: [InstalledDir: /Applications/Xcode.app/Contents/Developer/Toolchains/XcodeDefault.xctoolchain/usr/bin]
  ignore line: [clang: warning: -Wl -v: 'linker' input unused [-Wunused-command-line-argument]]
  ignore line: [ "/Applications/Xcode.app/Contents/Developer/Toolchains/XcodeDefault.xctoolchain/usr/bin/clang" -cc1 -triple arm64-apple-macosx13.0.0 -Wundef-prefix=TARGET_OS_ -Wdeprecated-objc-isa-usage -Werror=deprecated-objc-isa-usage -Werror=implicit-function-declaration -emit-obj -mrelax-all --mrelax-relocations -disable-free -clear-ast-before-backend -disable-llvm-verifier -discard-value-names -main-file-name CMakeCXXCompilerABI.cpp -mrelocation-model pic -pic-level 2 -mframe-pointer=non-leaf -fno-strict-return -ffp-contract=on -fno-rounding-math -funwind-tables=1 -fobjc-msgsend-selector-stubs -target-sdk-version=13.3 -fvisibility-inlines-hidden-static-local-var -target-cpu apple-m1 -target-feature +v8.5a -target-feature +crc -target-feature +lse -target-feature +rdm -target-feature +crypto -target-feature +dotprod -target-feature +fp-armv8 -target-feature +neon -target-feature +fp16fml -target-feature +ras -target-feature +rcpc -target-feature +zcm -target-feature +zcz -target-feature +fullfp16 -target-feature +sm4 -target-feature +sha3 -target-feature +sha2 -target-feature +aes -target-abi darwinpcs -fallow-half-arguments-and-returns -mllvm -treat-scalable-fixed-error-as-warning -debugger-tuning=lldb -target-linker-version 857.1 -v -fcoverage-compilation-dir=/Users/kronos.di.vlad/Desktop/SEA_folder/cmake-build-debug/CMakeFiles/CMakeTmp -resource-dir /Applications/Xcode.app/Contents/Developer/Toolchains/XcodeDefault.xctoolchain/usr/lib/clang/14.0.3 -dependency-file CMakeFiles/cmTC_4b9fd.dir/CMakeCXXCompilerABI.cpp.o.d -skip-unused-modulemap-deps -MT CMakeFiles/cmTC_4b9fd.dir/CMakeCXXCompilerABI.cpp.o -sys-header-deps -isysroot /Applications/Xcode.app/Contents/Developer/Platforms/MacOSX.platform/Developer/SDKs/MacOSX13.3.sdk -stdlib=libc++ -internal-isystem /Applications/Xcode.app/Contents/Developer/Platforms/MacOSX.platform/Developer/SDKs/MacOSX13.3.sdk/usr/include/c++/v1 -internal-isystem /Applications/Xcode.app/Contents/Developer/Platforms/MacOSX.platform/Developer/SDKs/MacOSX13.3.sdk/usr/local/include -internal-isystem /Applications/Xcode.app/Contents/Developer/Toolchains/XcodeDefault.xctoolchain/usr/lib/clang/14.0.3/include -internal-externc-isystem /Applications/Xcode.app/Contents/Developer/Platforms/MacOSX.platform/Developer/SDKs/MacOSX13.3.sdk/usr/include -internal-externc-isystem /Applications/Xcode.app/Contents/Developer/Toolchains/XcodeDefault.xctoolchain/usr/include -Wno-reorder-init-list -Wno-implicit-int-float-conversion -Wno-c99-designator -Wno-final-dtor-non-final-class -Wno-extra-semi-stmt -Wno-misleading-indentation -Wno-quoted-include-in-framework-header -Wno-implicit-fallthrough -Wno-enum-enum-conversion -Wno-enum-float-conversion -Wno-elaborated-enum-base -Wno-reserved-identifier -Wno-gnu-folding-constant -fdeprecated-macro -fdebug-compilation-dir=/Users/kronos.di.vlad/Desktop/SEA_folder/cmake-build-debug/CMakeFiles/CMakeTmp -ferror-limit 19 -stack-protector 1 -fstack-check -mdarwin-stkchk-strong-link -fblocks -fencode-extended-block-signature -fregister-global-dtors-with-atexit -fgnuc-version=4.2.1 -fno-cxx-modules -no-opaque-pointers -fcxx-exceptions -fexceptions -fmax-type-align=16 -fcommon -fcolor-diagnostics -clang-vendor-feature=+disableNonDependentMemberExprInCurrentInstantiation -fno-odr-hash-protocols -clang-vendor-feature=+enableAggressiveVLAFolding -clang-vendor-feature=+revert09abecef7bbf -clang-vendor-feature=+thisNoAlignAttr -clang-vendor-feature=+thisNoNullAttr -mllvm -disable-aligned-alloc-awareness=1 -D__GCC_HAVE_DWARF2_CFI_ASM=1 -o CMakeFiles/cmTC_4b9fd.dir/CMakeCXXCompilerABI.cpp.o -x c++ /Applications/CLion.app/Contents/bin/cmake/mac/share/cmake-3.24/Modules/CMakeCXXCompilerABI.cpp]
  ignore line: [clang -cc1 version 14.0.3 (clang-1403.0.22.14.1) default target arm64-apple-darwin22.4.0]
  ignore line: [ignoring nonexistent directory "/Applications/Xcode.app/Contents/Developer/Platforms/MacOSX.platform/Developer/SDKs/MacOSX13.3.sdk/usr/local/include"]
  ignore line: [ignoring nonexistent directory "/Applications/Xcode.app/Contents/Developer/Platforms/MacOSX.platform/Developer/SDKs/MacOSX13.3.sdk/Library/Frameworks"]
  ignore line: [#include "..." search starts here:]
  ignore line: [#include <...> search starts here:]
  ignore line: [ /Applications/Xcode.app/Contents/Developer/Platforms/MacOSX.platform/Developer/SDKs/MacOSX13.3.sdk/usr/include/c++/v1]
  ignore line: [ /Applications/Xcode.app/Contents/Developer/Toolchains/XcodeDefault.xctoolchain/usr/lib/clang/14.0.3/include]
  ignore line: [ /Applications/Xcode.app/Contents/Developer/Platforms/MacOSX.platform/Developer/SDKs/MacOSX13.3.sdk/usr/include]
  ignore line: [ /Applications/Xcode.app/Contents/Developer/Toolchains/XcodeDefault.xctoolchain/usr/include]
  ignore line: [ /Applications/Xcode.app/Contents/Developer/Platforms/MacOSX.platform/Developer/SDKs/MacOSX13.3.sdk/System/Library/Frameworks (framework directory)]
  ignore line: [End of search list.]
  ignore line: [[2/2] Linking CXX executable cmTC_4b9fd]
  ignore line: [Apple clang version 14.0.3 (clang-1403.0.22.14.1)]
  ignore line: [Target: arm64-apple-darwin22.4.0]
  ignore line: [Thread model: posix]
  ignore line: [InstalledDir: /Applications/Xcode.app/Contents/Developer/Toolchains/XcodeDefault.xctoolchain/usr/bin]
  link line: [ "/Applications/Xcode.app/Contents/Developer/Toolchains/XcodeDefault.xctoolchain/usr/bin/ld" -demangle -lto_library /Applications/Xcode.app/Contents/Developer/Toolchains/XcodeDefault.xctoolchain/usr/lib/libLTO.dylib -dynamic -arch arm64 -platform_version macos 13.0.0 13.3 -syslibroot /Applications/Xcode.app/Contents/Developer/Platforms/MacOSX.platform/Developer/SDKs/MacOSX13.3.sdk -o cmTC_4b9fd -search_paths_first -headerpad_max_install_names -v CMakeFiles/cmTC_4b9fd.dir/CMakeCXXCompilerABI.cpp.o -lc++ -lSystem /Applications/Xcode.app/Contents/Developer/Toolchains/XcodeDefault.xctoolchain/usr/lib/clang/14.0.3/lib/darwin/libclang_rt.osx.a]
    arg [/Applications/Xcode.app/Contents/Developer/Toolchains/XcodeDefault.xctoolchain/usr/bin/ld] ==> ignore
    arg [-demangle] ==> ignore
    arg [-lto_library] ==> ignore, skip following value
    arg [/Applications/Xcode.app/Contents/Developer/Toolchains/XcodeDefault.xctoolchain/usr/lib/libLTO.dylib] ==> skip value of -lto_library
    arg [-dynamic] ==> ignore
    arg [-arch] ==> ignore
    arg [arm64] ==> ignore
    arg [-platform_version] ==> ignore
    arg [macos] ==> ignore
    arg [13.0.0] ==> ignore
    arg [13.3] ==> ignore
    arg [-syslibroot] ==> ignore
    arg [/Applications/Xcode.app/Contents/Developer/Platforms/MacOSX.platform/Developer/SDKs/MacOSX13.3.sdk] ==> ignore
    arg [-o] ==> ignore
    arg [cmTC_4b9fd] ==> ignore
    arg [-search_paths_first] ==> ignore
    arg [-headerpad_max_install_names] ==> ignore
    arg [-v] ==> ignore
    arg [CMakeFiles/cmTC_4b9fd.dir/CMakeCXXCompilerABI.cpp.o] ==> ignore
    arg [-lc++] ==> lib [c++]
    arg [-lSystem] ==> lib [System]
    arg [/Applications/Xcode.app/Contents/Developer/Toolchains/XcodeDefault.xctoolchain/usr/lib/clang/14.0.3/lib/darwin/libclang_rt.osx.a] ==> lib [/Applications/Xcode.app/Contents/Developer/Toolchains/XcodeDefault.xctoolchain/usr/lib/clang/14.0.3/lib/darwin/libclang_rt.osx.a]
  Library search paths: [;/Applications/Xcode.app/Contents/Developer/Platforms/MacOSX.platform/Developer/SDKs/MacOSX13.3.sdk/usr/lib]
  Framework search paths: [;/Applications/Xcode.app/Contents/Developer/Platforms/MacOSX.platform/Developer/SDKs/MacOSX13.3.sdk/System/Library/Frameworks/]
  remove lib [System]
  remove lib [/Applications/Xcode.app/Contents/Developer/Toolchains/XcodeDefault.xctoolchain/usr/lib/clang/14.0.3/lib/darwin/libclang_rt.osx.a]
  collapse library dir [/Applications/Xcode.app/Contents/Developer/Platforms/MacOSX.platform/Developer/SDKs/MacOSX13.3.sdk/usr/lib] ==> [/Applications/Xcode.app/Contents/Developer/Platforms/MacOSX.platform/Developer/SDKs/MacOSX13.3.sdk/usr/lib]
  collapse framework dir [/Applications/Xcode.app/Contents/Developer/Platforms/MacOSX.platform/Developer/SDKs/MacOSX13.3.sdk/System/Library/Frameworks/] ==> [/Applications/Xcode.app/Contents/Developer/Platforms/MacOSX.platform/Developer/SDKs/MacOSX13.3.sdk/System/Library/Frameworks]
  implicit libs: [c++]
  implicit objs: []
  implicit dirs: [/Applications/Xcode.app/Contents/Developer/Platforms/MacOSX.platform/Developer/SDKs/MacOSX13.3.sdk/usr/lib]
  implicit fwks: [/Applications/Xcode.app/Contents/Developer/Platforms/MacOSX.platform/Developer/SDKs/MacOSX13.3.sdk/System/Library/Frameworks]


Detecting C compiler ABI info compiled with the following output:
Change Dir: /Users/kronos.di.vlad/Desktop/SEA_folder/cmake-build-debug/CMakeFiles/CMakeTmp

Run Build Command(s):/Applications/CLion.app/Contents/bin/ninja/mac/ninja cmTC_6db07 && [1/2] Building C object CMakeFiles/cmTC_6db07.dir/CMakeCCompilerABI.c.o
Apple clang version 14.0.3 (clang-1403.0.22.14.1)
Target: arm64-apple-darwin22.4.0
Thread model: posix
InstalledDir: /Applications/Xcode.app/Contents/Developer/Toolchains/XcodeDefault.xctoolchain/usr/bin
clang: warning: -Wl,-v: 'linker' input unused [-Wunused-command-line-argument]
 "/Applications/Xcode.app/Contents/Developer/Toolchains/XcodeDefault.xctoolchain/usr/bin/clang" -cc1 -triple arm64-apple-macosx13.0.0 -Wundef-prefix=TARGET_OS_ -Wdeprecated-objc-isa-usage -Werror=deprecated-objc-isa-usage -Werror=implicit-function-declaration -emit-obj -mrelax-all --mrelax-relocations -disable-free -clear-ast-before-backend -disable-llvm-verifier -discard-value-names -main-file-name CMakeCCompilerABI.c -mrelocation-model pic -pic-level 2 -mframe-pointer=non-leaf -fno-strict-return -ffp-contract=on -fno-rounding-math -funwind-tables=1 -fobjc-msgsend-selector-stubs -target-sdk-version=13.3 -fvisibility-inlines-hidden-static-local-var -target-cpu apple-m1 -target-feature +v8.5a -target-feature +crc -target-feature +lse -target-feature +rdm -target-feature +crypto -target-feature +dotprod -target-feature +fp-armv8 -target-feature +neon -target-feature +fp16fml -target-feature +ras -target-feature +rcpc -target-feature +zcm -target-feature +zcz -target-feature +fullfp16 -target-feature +sm4 -target-feature +sha3 -target-feature +sha2 -target-feature +aes -target-abi darwinpcs -fallow-half-arguments-and-returns -mllvm -treat-scalable-fixed-error-as-warning -debugger-tuning=lldb -target-linker-version 857.1 -v -fcoverage-compilation-dir=/Users/kronos.di.vlad/Desktop/SEA_folder/cmake-build-debug/CMakeFiles/CMakeTmp -resource-dir /Applications/Xcode.app/Contents/Developer/Toolchains/XcodeDefault.xctoolchain/usr/lib/clang/14.0.3 -dependency-file CMakeFiles/cmTC_6db07.dir/CMakeCCompilerABI.c.o.d -skip-unused-modulemap-deps -MT CMakeFiles/cmTC_6db07.dir/CMakeCCompilerABI.c.o -sys-header-deps -isysroot /Applications/Xcode.app/Contents/Developer/Platforms/MacOSX.platform/Developer/SDKs/MacOSX13.3.sdk -internal-isystem /Applications/Xcode.app/Contents/Developer/Platforms/MacOSX.platform/Developer/SDKs/MacOSX13.3.sdk/usr/local/include -internal-isystem /Applications/Xcode.app/Contents/Developer/Toolchains/XcodeDefault.xctoolchain/usr/lib/clang/14.0.3/include -internal-externc-isystem /Applications/Xcode.app/Contents/Developer/Platforms/MacOSX.platform/Developer/SDKs/MacOSX13.3.sdk/usr/include -internal-externc-isystem /Applications/Xcode.app/Contents/Developer/Toolchains/XcodeDefault.xctoolchain/usr/include -Wno-reorder-init-list -Wno-implicit-int-float-conversion -Wno-c99-designator -Wno-final-dtor-non-final-class -Wno-extra-semi-stmt -Wno-misleading-indentation -Wno-quoted-include-in-framework-header -Wno-implicit-fallthrough -Wno-enum-enum-conversion -Wno-enum-float-conversion -Wno-elaborated-enum-base -Wno-reserved-identifier -Wno-gnu-folding-constant -fdebug-compilation-dir=/Users/kronos.di.vlad/Desktop/SEA_folder/cmake-build-debug/CMakeFiles/CMakeTmp -ferror-limit 19 -stack-protector 1 -fstack-check -mdarwin-stkchk-strong-link -fblocks -fencode-extended-block-signature -fregister-global-dtors-with-atexit -fgnuc-version=4.2.1 -no-opaque-pointers -fmax-type-align=16 -fcommon -fcolor-diagnostics -clang-vendor-feature=+disableNonDependentMemberExprInCurrentInstantiation -fno-odr-hash-protocols -clang-vendor-feature=+enableAggressiveVLAFolding -clang-vendor-feature=+revert09abecef7bbf -clang-vendor-feature=+thisNoAlignAttr -clang-vendor-feature=+thisNoNullAttr -mllvm -disable-aligned-alloc-awareness=1 -D__GCC_HAVE_DWARF2_CFI_ASM=1 -o CMakeFiles/cmTC_6db07.dir/CMakeCCompilerABI.c.o -x c /Applications/CLion.app/Contents/bin/cmake/mac/share/cmake-3.24/Modules/CMakeCCompilerABI.c
clang -cc1 version 14.0.3 (clang-1403.0.22.14.1) default target arm64-apple-darwin22.4.0
ignoring nonexistent directory "/Applications/Xcode.app/Contents/Developer/Platforms/MacOSX.platform/Developer/SDKs/MacOSX13.3.sdk/usr/local/include"
ignoring nonexistent directory "/Applications/Xcode.app/Contents/Developer/Platforms/MacOSX.platform/Developer/SDKs/MacOSX13.3.sdk/Library/Frameworks"
#include "..." search starts here:
#include <...> search starts here:
 /Applications/Xcode.app/Contents/Developer/Toolchains/XcodeDefault.xctoolchain/usr/lib/clang/14.0.3/include
 /Applications/Xcode.app/Contents/Developer/Platforms/MacOSX.platform/Developer/SDKs/MacOSX13.3.sdk/usr/include
 /Applications/Xcode.app/Contents/Developer/Toolchains/XcodeDefault.xctoolchain/usr/include
 /Applications/Xcode.app/Contents/Developer/Platforms/MacOSX.platform/Developer/SDKs/MacOSX13.3.sdk/System/Library/Frameworks (framework directory)
End of search list.
[2/2] Linking C executable cmTC_6db07
Apple clang version 14.0.3 (clang-1403.0.22.14.1)
Target: arm64-apple-darwin22.4.0
Thread model: posix
InstalledDir: /Applications/Xcode.app/Contents/Developer/Toolchains/XcodeDefault.xctoolchain/usr/bin
 "/Applications/Xcode.app/Contents/Developer/Toolchains/XcodeDefault.xctoolchain/usr/bin/ld" -demangle -lto_library /Applications/Xcode.app/Contents/Developer/Toolchains/XcodeDefault.xctoolchain/usr/lib/libLTO.dylib -dynamic -arch arm64 -platform_version macos 13.0.0 13.3 -syslibroot /Applications/Xcode.app/Contents/Developer/Platforms/MacOSX.platform/Developer/SDKs/MacOSX13.3.sdk -o cmTC_6db07 -search_paths_first -headerpad_max_install_names -v CMakeFiles/cmTC_6db07.dir/CMakeCCompilerABI.c.o -lSystem /Applications/Xcode.app/Contents/Developer/Toolchains/XcodeDefault.xctoolchain/usr/lib/clang/14.0.3/lib/darwin/libclang_rt.osx.a
@(#)PROGRAM:ld  PROJECT:ld64-857.1
BUILD 16:59:58 Feb 24 2023
configured to support archs: armv6 armv7 armv7s arm64 arm64e arm64_32 i386 x86_64 x86_64h armv6m armv7k armv7m armv7em
Library search paths:
	/Applications/Xcode.app/Contents/Developer/Platforms/MacOSX.platform/Developer/SDKs/MacOSX13.3.sdk/usr/lib
Framework search paths:
	/Applications/Xcode.app/Contents/Developer/Platforms/MacOSX.platform/Developer/SDKs/MacOSX13.3.sdk/System/Library/Frameworks/



Parsed C implicit include dir info from above output: rv=done
  found start of include info
  found start of implicit include info
    add: [/Applications/Xcode.app/Contents/Developer/Toolchains/XcodeDefault.xctoolchain/usr/lib/clang/14.0.3/include]
    add: [/Applications/Xcode.app/Contents/Developer/Platforms/MacOSX.platform/Developer/SDKs/MacOSX13.3.sdk/usr/include]
    add: [/Applications/Xcode.app/Contents/Developer/Toolchains/XcodeDefault.xctoolchain/usr/include]
  end of search list found
  collapse include dir [/Applications/Xcode.app/Contents/Developer/Toolchains/XcodeDefault.xctoolchain/usr/lib/clang/14.0.3/include] ==> [/Applications/Xcode.app/Contents/Developer/Toolchains/XcodeDefault.xctoolchain/usr/lib/clang/14.0.3/include]
  collapse include dir [/Applications/Xcode.app/Contents/Developer/Platforms/MacOSX.platform/Developer/SDKs/MacOSX13.3.sdk/usr/include] ==> [/Applications/Xcode.app/Contents/Developer/Platforms/MacOSX.platform/Developer/SDKs/MacOSX13.3.sdk/usr/include]
  collapse include dir [/Applications/Xcode.app/Contents/Developer/Toolchains/XcodeDefault.xctoolchain/usr/include] ==> [/Applications/Xcode.app/Contents/Developer/Toolchains/XcodeDefault.xctoolchain/usr/include]
  implicit include dirs: [/Applications/Xcode.app/Contents/Developer/Toolchains/XcodeDefault.xctoolchain/usr/lib/clang/14.0.3/include;/Applications/Xcode.app/Contents/Developer/Platforms/MacOSX.platform/Developer/SDKs/MacOSX13.3.sdk/usr/include;/Applications/Xcode.app/Contents/Developer/Toolchains/XcodeDefault.xctoolchain/usr/include]


Parsed C implicit link information from above output:
  link line regex: [^( *|.*[/\])(ld|CMAKE_LINK_STARTFILE-NOTFOUND|([^/\]+-)?ld|collect2)[^/\]*( |$)]
  ignore line: [Change Dir: /Users/kronos.di.vlad/Desktop/SEA_folder/cmake-build-debug/CMakeFiles/CMakeTmp]
  ignore line: []
  ignore line: [Run Build Command(s):/Applications/CLion.app/Contents/bin/ninja/mac/ninja cmTC_6db07 && [1/2] Building C object CMakeFiles/cmTC_6db07.dir/CMakeCCompilerABI.c.o]
  ignore line: [Apple clang version 14.0.3 (clang-1403.0.22.14.1)]
  ignore line: [Target: arm64-apple-darwin22.4.0]
  ignore line: [Thread model: posix]
  ignore line: [InstalledDir: /Applications/Xcode.app/Contents/Developer/Toolchains/XcodeDefault.xctoolchain/usr/bin]
  ignore line: [clang: warning: -Wl -v: 'linker' input unused [-Wunused-command-line-argument]]
  ignore line: [ "/Applications/Xcode.app/Contents/Developer/Toolchains/XcodeDefault.xctoolchain/usr/bin/clang" -cc1 -triple arm64-apple-macosx13.0.0 -Wundef-prefix=TARGET_OS_ -Wdeprecated-objc-isa-usage -Werror=deprecated-objc-isa-usage -Werror=implicit-function-declaration -emit-obj -mrelax-all --mrelax-relocations -disable-free -clear-ast-before-backend -disable-llvm-verifier -discard-value-names -main-file-name CMakeCCompilerABI.c -mrelocation-model pic -pic-level 2 -mframe-pointer=non-leaf -fno-strict-return -ffp-contract=on -fno-rounding-math -funwind-tables=1 -fobjc-msgsend-selector-stubs -target-sdk-version=13.3 -fvisibility-inlines-hidden-static-local-var -target-cpu apple-m1 -target-feature +v8.5a -target-feature +crc -target-feature +lse -target-feature +rdm -target-feature +crypto -target-feature +dotprod -target-feature +fp-armv8 -target-feature +neon -target-feature +fp16fml -target-feature +ras -target-feature +rcpc -target-feature +zcm -target-feature +zcz -target-feature +fullfp16 -target-feature +sm4 -target-feature +sha3 -target-feature +sha2 -target-feature +aes -target-abi darwinpcs -fallow-half-arguments-and-returns -mllvm -treat-scalable-fixed-error-as-warning -debugger-tuning=lldb -target-linker-version 857.1 -v -fcoverage-compilation-dir=/Users/kronos.di.vlad/Desktop/SEA_folder/cmake-build-debug/CMakeFiles/CMakeTmp -resource-dir /Applications/Xcode.app/Contents/Developer/Toolchains/XcodeDefault.xctoolchain/usr/lib/clang/14.0.3 -dependency-file CMakeFiles/cmTC_6db07.dir/CMakeCCompilerABI.c.o.d -skip-unused-modulemap-deps -MT CMakeFiles/cmTC_6db07.dir/CMakeCCompilerABI.c.o -sys-header-deps -isysroot /Applications/Xcode.app/Contents/Developer/Platforms/MacOSX.platform/Developer/SDKs/MacOSX13.3.sdk -internal-isystem /Applications/Xcode.app/Contents/Developer/Platforms/MacOSX.platform/Developer/SDKs/MacOSX13.3.sdk/usr/local/include -internal-isystem /Applications/Xcode.app/Contents/Developer/Toolchains/XcodeDefault.xctoolchain/usr/lib/clang/14.0.3/include -internal-externc-isystem /Applications/Xcode.app/Contents/Developer/Platforms/MacOSX.platform/Developer/SDKs/MacOSX13.3.sdk/usr/include -internal-externc-isystem /Applications/Xcode.app/Contents/Developer/Toolchains/XcodeDefault.xctoolchain/usr/include -Wno-reorder-init-list -Wno-implicit-int-float-conversion -Wno-c99-designator -Wno-final-dtor-non-final-class -Wno-extra-semi-stmt -Wno-misleading-indentation -Wno-quoted-include-in-framework-header -Wno-implicit-fallthrough -Wno-enum-enum-conversion -Wno-enum-float-conversion -Wno-elaborated-enum-base -Wno-reserved-identifier -Wno-gnu-folding-constant -fdebug-compilation-dir=/Users/kronos.di.vlad/Desktop/SEA_folder/cmake-build-debug/CMakeFiles/CMakeTmp -ferror-limit 19 -stack-protector 1 -fstack-check -mdarwin-stkchk-strong-link -fblocks -fencode-extended-block-signature -fregister-global-dtors-with-atexit -fgnuc-version=4.2.1 -no-opaque-pointers -fmax-type-align=16 -fcommon -fcolor-diagnostics -clang-vendor-feature=+disableNonDependentMemberExprInCurrentInstantiation -fno-odr-hash-protocols -clang-vendor-feature=+enableAggressiveVLAFolding -clang-vendor-feature=+revert09abecef7bbf -clang-vendor-feature=+thisNoAlignAttr -clang-vendor-feature=+thisNoNullAttr -mllvm -disable-aligned-alloc-awareness=1 -D__GCC_HAVE_DWARF2_CFI_ASM=1 -o CMakeFiles/cmTC_6db07.dir/CMakeCCompilerABI.c.o -x c /Applications/CLion.app/Contents/bin/cmake/mac/share/cmake-3.24/Modules/CMakeCCompilerABI.c]
  ignore line: [clang -cc1 version 14.0.3 (clang-1403.0.22.14.1) default target arm64-apple-darwin22.4.0]
  ignore line: [ignoring nonexistent directory "/Applications/Xcode.app/Contents/Developer/Platforms/MacOSX.platform/Developer/SDKs/MacOSX13.3.sdk/usr/local/include"]
  ignore line: [ignoring nonexistent directory "/Applications/Xcode.app/Contents/Developer/Platforms/MacOSX.platform/Developer/SDKs/MacOSX13.3.sdk/Library/Frameworks"]
  ignore line: [#include "..." search starts here:]
  ignore line: [#include <...> search starts here:]
  ignore line: [ /Applications/Xcode.app/Contents/Developer/Toolchains/XcodeDefault.xctoolchain/usr/lib/clang/14.0.3/include]
  ignore line: [ /Applications/Xcode.app/Contents/Developer/Platforms/MacOSX.platform/Developer/SDKs/MacOSX13.3.sdk/usr/include]
  ignore line: [ /Applications/Xcode.app/Contents/Developer/Toolchains/XcodeDefault.xctoolchain/usr/include]
  ignore line: [ /Applications/Xcode.app/Contents/Developer/Platforms/MacOSX.platform/Developer/SDKs/MacOSX13.3.sdk/System/Library/Frameworks (framework directory)]
  ignore line: [End of search list.]
  ignore line: [[2/2] Linking C executable cmTC_6db07]
  ignore line: [Apple clang version 14.0.3 (clang-1403.0.22.14.1)]
  ignore line: [Target: arm64-apple-darwin22.4.0]
  ignore line: [Thread model: posix]
  ignore line: [InstalledDir: /Applications/Xcode.app/Contents/Developer/Toolchains/XcodeDefault.xctoolchain/usr/bin]
  link line: [ "/Applications/Xcode.app/Contents/Developer/Toolchains/XcodeDefault.xctoolchain/usr/bin/ld" -demangle -lto_library /Applications/Xcode.app/Contents/Developer/Toolchains/XcodeDefault.xctoolchain/usr/lib/libLTO.dylib -dynamic -arch arm64 -platform_version macos 13.0.0 13.3 -syslibroot /Applications/Xcode.app/Contents/Developer/Platforms/MacOSX.platform/Developer/SDKs/MacOSX13.3.sdk -o cmTC_6db07 -search_paths_first -headerpad_max_install_names -v CMakeFiles/cmTC_6db07.dir/CMakeCCompilerABI.c.o -lSystem /Applications/Xcode.app/Contents/Developer/Toolchains/XcodeDefault.xctoolchain/usr/lib/clang/14.0.3/lib/darwin/libclang_rt.osx.a]
    arg [/Applications/Xcode.app/Contents/Developer/Toolchains/XcodeDefault.xctoolchain/usr/bin/ld] ==> ignore
    arg [-demangle] ==> ignore
    arg [-lto_library] ==> ignore, skip following value
    arg [/Applications/Xcode.app/Contents/Developer/Toolchains/XcodeDefault.xctoolchain/usr/lib/libLTO.dylib] ==> skip value of -lto_library
    arg [-dynamic] ==> ignore
    arg [-arch] ==> ignore
    arg [arm64] ==> ignore
    arg [-platform_version] ==> ignore
    arg [macos] ==> ignore
    arg [13.0.0] ==> ignore
    arg [13.3] ==> ignore
    arg [-syslibroot] ==> ignore
    arg [/Applications/Xcode.app/Contents/Developer/Platforms/MacOSX.platform/Developer/SDKs/MacOSX13.3.sdk] ==> ignore
    arg [-o] ==> ignore
    arg [cmTC_6db07] ==> ignore
    arg [-search_paths_first] ==> ignore
    arg [-headerpad_max_install_names] ==> ignore
    arg [-v] ==> ignore
    arg [CMakeFiles/cmTC_6db07.dir/CMakeCCompilerABI.c.o] ==> ignore
    arg [-lSystem] ==> lib [System]
    arg [/Applications/Xcode.app/Contents/Developer/Toolchains/XcodeDefault.xctoolchain/usr/lib/clang/14.0.3/lib/darwin/libclang_rt.osx.a] ==> lib [/Applications/Xcode.app/Contents/Developer/Toolchains/XcodeDefault.xctoolchain/usr/lib/clang/14.0.3/lib/darwin/libclang_rt.osx.a]
  Library search paths: [;/Applications/Xcode.app/Contents/Developer/Platforms/MacOSX.platform/Developer/SDKs/MacOSX13.3.sdk/usr/lib]
  Framework search paths: [;/Applications/Xcode.app/Contents/Developer/Platforms/MacOSX.platform/Developer/SDKs/MacOSX13.3.sdk/System/Library/Frameworks/]
  remove lib [System]
  remove lib [/Applications/Xcode.app/Contents/Developer/Toolchains/XcodeDefault.xctoolchain/usr/lib/clang/14.0.3/lib/darwin/libclang_rt.osx.a]
  collapse library dir [/Applications/Xcode.app/Contents/Developer/Platforms/MacOSX.platform/Developer/SDKs/MacOSX13.3.sdk/usr/lib] ==> [/Applications/Xcode.app/Contents/Developer/Platforms/MacOSX.platform/Developer/SDKs/MacOSX13.3.sdk/usr/lib]
  collapse framework dir [/Applications/Xcode.app/Contents/Developer/Platforms/MacOSX.platform/Developer/SDKs/MacOSX13.3.sdk/System/Library/Frameworks/] ==> [/Applications/Xcode.app/Contents/Developer/Platforms/MacOSX.platform/Developer/SDKs/MacOSX13.3.sdk/System/Library/Frameworks]
  implicit libs: []
  implicit objs: []
  implicit dirs: [/Applications/Xcode.app/Contents/Developer/Platforms/MacOSX.platform/Developer/SDKs/MacOSX13.3.sdk/usr/lib]
  implicit fwks: [/Applications/Xcode.app/Contents/Developer/Platforms/MacOSX.platform/Developer/SDKs/MacOSX13.3.sdk/System/Library/Frameworks]


Determining if the include file dlfcn.h exists passed with the following output:
Change Dir: /Users/kronos.di.vlad/Desktop/SEA_folder/cmake-build-debug/CMakeFiles/CMakeTmp

Run Build Command(s):/Applications/CLion.app/Contents/bin/ninja/mac/ninja cmTC_2a3dc && [1/2] Building C object CMakeFiles/cmTC_2a3dc.dir/CheckIncludeFile.c.o
[2/2] Linking C executable cmTC_2a3dc



Determining if the include file getopt.h exists passed with the following output:
Change Dir: /Users/kronos.di.vlad/Desktop/SEA_folder/cmake-build-debug/CMakeFiles/CMakeTmp

Run Build Command(s):/Applications/CLion.app/Contents/bin/ninja/mac/ninja cmTC_7ac66 && [1/2] Building C object CMakeFiles/cmTC_7ac66.dir/CheckIncludeFile.c.o
[2/2] Linking C executable cmTC_7ac66



Determining if the include file unistd.h exists passed with the following output:
Change Dir: /Users/kronos.di.vlad/Desktop/SEA_folder/cmake-build-debug/CMakeFiles/CMakeTmp

Run Build Command(s):/Applications/CLion.app/Contents/bin/ninja/mac/ninja cmTC_1b07f && [1/2] Building C object CMakeFiles/cmTC_1b07f.dir/CheckIncludeFile.c.o
[2/2] Linking C executable cmTC_1b07f



Determining if the include file string.h exists passed with the following output:
Change Dir: /Users/kronos.di.vlad/Desktop/SEA_folder/cmake-build-debug/CMakeFiles/CMakeTmp

Run Build Command(s):/Applications/CLion.app/Contents/bin/ninja/mac/ninja cmTC_81fe5 && [1/2] Building C object CMakeFiles/cmTC_81fe5.dir/CheckIncludeFile.c.o
[2/2] Linking C executable cmTC_81fe5



Determining if the include file strings.h exists passed with the following output:
Change Dir: /Users/kronos.di.vlad/Desktop/SEA_folder/cmake-build-debug/CMakeFiles/CMakeTmp

Run Build Command(s):/Applications/CLion.app/Contents/bin/ninja/mac/ninja cmTC_2057e && [1/2] Building C object CMakeFiles/cmTC_2057e.dir/CheckIncludeFile.c.o
[2/2] Linking C executable cmTC_2057e



Determining if the include file inttypes.h exists passed with the following output:
Change Dir: /Users/kronos.di.vlad/Desktop/SEA_folder/cmake-build-debug/CMakeFiles/CMakeTmp

Run Build Command(s):/Applications/CLion.app/Contents/bin/ninja/mac/ninja cmTC_d64f7 && [1/2] Building C object CMakeFiles/cmTC_d64f7.dir/CheckIncludeFile.c.o
[2/2] Linking C executable cmTC_d64f7



Determining if the include file memory.h exists passed with the following output:
Change Dir: /Users/kronos.di.vlad/Desktop/SEA_folder/cmake-build-debug/CMakeFiles/CMakeTmp

Run Build Command(s):/Applications/CLion.app/Contents/bin/ninja/mac/ninja cmTC_80b38 && [1/2] Building C object CMakeFiles/cmTC_80b38.dir/CheckIncludeFile.c.o
[2/2] Linking C executable cmTC_80b38



Determining if the include file stdlib.h exists passed with the following output:
Change Dir: /Users/kronos.di.vlad/Desktop/SEA_folder/cmake-build-debug/CMakeFiles/CMakeTmp

Run Build Command(s):/Applications/CLion.app/Contents/bin/ninja/mac/ninja cmTC_565b9 && [1/2] Building C object CMakeFiles/cmTC_565b9.dir/CheckIncludeFile.c.o
[2/2] Linking C executable cmTC_565b9



Determining if the include file stdint.h exists passed with the following output:
Change Dir: /Users/kronos.di.vlad/Desktop/SEA_folder/cmake-build-debug/CMakeFiles/CMakeTmp

Run Build Command(s):/Applications/CLion.app/Contents/bin/ninja/mac/ninja cmTC_0e9e2 && [1/2] Building C object CMakeFiles/cmTC_0e9e2.dir/CheckIncludeFile.c.o
[2/2] Linking C executable cmTC_0e9e2



Determining if the include file time.h exists passed with the following output:
Change Dir: /Users/kronos.di.vlad/Desktop/SEA_folder/cmake-build-debug/CMakeFiles/CMakeTmp

Run Build Command(s):/Applications/CLion.app/Contents/bin/ninja/mac/ninja cmTC_e4f95 && [1/2] Building C object CMakeFiles/cmTC_e4f95.dir/CheckIncludeFile.c.o
[2/2] Linking C executable cmTC_e4f95



Determining if the include file sys/types.h exists passed with the following output:
Change Dir: /Users/kronos.di.vlad/Desktop/SEA_folder/cmake-build-debug/CMakeFiles/CMakeTmp

Run Build Command(s):/Applications/CLion.app/Contents/bin/ninja/mac/ninja cmTC_dd4ab && [1/2] Building C object CMakeFiles/cmTC_dd4ab.dir/CheckIncludeFile.c.o
[2/2] Linking C executable cmTC_dd4ab



Determining if the include file sys/stat.h exists passed with the following output:
Change Dir: /Users/kronos.di.vlad/Desktop/SEA_folder/cmake-build-debug/CMakeFiles/CMakeTmp

Run Build Command(s):/Applications/CLion.app/Contents/bin/ninja/mac/ninja cmTC_de3fa && [1/2] Building C object CMakeFiles/cmTC_de3fa.dir/CheckIncludeFile.c.o
[2/2] Linking C executable cmTC_de3fa



Determining if the include file sys/time.h exists passed with the following output:
Change Dir: /Users/kronos.di.vlad/Desktop/SEA_folder/cmake-build-debug/CMakeFiles/CMakeTmp

Run Build Command(s):/Applications/CLion.app/Contents/bin/ninja/mac/ninja cmTC_b3642 && [1/2] Building C object CMakeFiles/cmTC_b3642.dir/CheckIncludeFile.c.o
[2/2] Linking C executable cmTC_b3642



Determining if the function getpid exists passed with the following output:
Change Dir: /Users/kronos.di.vlad/Desktop/SEA_folder/cmake-build-debug/CMakeFiles/CMakeTmp

Run Build Command(s):/Applications/CLion.app/Contents/bin/ninja/mac/ninja cmTC_8afac && [1/2] Building C object CMakeFiles/cmTC_8afac.dir/CheckFunctionExists.c.o
[2/2] Linking C executable cmTC_8afac



Determining if the function syscall exists passed with the following output:
Change Dir: /Users/kronos.di.vlad/Desktop/SEA_folder/cmake-build-debug/CMakeFiles/CMakeTmp

Run Build Command(s):/Applications/CLion.app/Contents/bin/ninja/mac/ninja cmTC_d9c41 && [1/2] Building C object CMakeFiles/cmTC_d9c41.dir/CheckFunctionExists.c.o
[2/2] Linking C executable cmTC_d9c41



Determining if the function isinf exists passed with the following output:
Change Dir: /Users/kronos.di.vlad/Desktop/SEA_folder/cmake-build-debug/CMakeFiles/CMakeTmp

Run Build Command(s):/Applications/CLion.app/Contents/bin/ninja/mac/ninja cmTC_cae33 && [1/2] Building C object CMakeFiles/cmTC_cae33.dir/CheckFunctionExists.c.o
[2/2] Linking C executable cmTC_cae33



Determining if the function isnan exists passed with the following output:
Change Dir: /Users/kronos.di.vlad/Desktop/SEA_folder/cmake-build-debug/CMakeFiles/CMakeTmp

Run Build Command(s):/Applications/CLion.app/Contents/bin/ninja/mac/ninja cmTC_92e02 && [1/2] Building C object CMakeFiles/cmTC_92e02.dir/CheckFunctionExists.c.o
[2/2] Linking C executable cmTC_92e02



Determining if the function gettimeofday exists passed with the following output:
Change Dir: /Users/kronos.di.vlad/Desktop/SEA_folder/cmake-build-debug/CMakeFiles/CMakeTmp

Run Build Command(s):/Applications/CLion.app/Contents/bin/ninja/mac/ninja cmTC_1ebf5 && [1/2] Building C object CMakeFiles/cmTC_1ebf5.dir/CheckFunctionExists.c.o
[2/2] Linking C executable cmTC_1ebf5



Determining if the function qsort_r exists passed with the following output:
Change Dir: /Users/kronos.di.vlad/Desktop/SEA_folder/cmake-build-debug/CMakeFiles/CMakeTmp

Run Build Command(s):/Applications/CLion.app/Contents/bin/ninja/mac/ninja cmTC_a35b6 && [1/2] Building C object CMakeFiles/cmTC_a35b6.dir/CheckFunctionExists.c.o
[2/2] Linking C executable cmTC_a35b6



Determining if the function time exists passed with the following output:
Change Dir: /Users/kronos.di.vlad/Desktop/SEA_folder/cmake-build-debug/CMakeFiles/CMakeTmp

Run Build Command(s):/Applications/CLion.app/Contents/bin/ninja/mac/ninja cmTC_af434 && [1/2] Building C object CMakeFiles/cmTC_af434.dir/CheckFunctionExists.c.o
[2/2] Linking C executable cmTC_af434



Determining if the function copysign exists passed with the following output:
Change Dir: /Users/kronos.di.vlad/Desktop/SEA_folder/cmake-build-debug/CMakeFiles/CMakeTmp

Run Build Command(s):/Applications/CLion.app/Contents/bin/ninja/mac/ninja cmTC_67cfc && [1/2] Building C object CMakeFiles/cmTC_67cfc.dir/CheckFunctionExists.c.o
/Applications/CLion.app/Contents/bin/cmake/mac/share/cmake-3.24/Modules/CheckFunctionExists.c:7:3: warning: incompatible redeclaration of library function 'copysign' [-Wincompatible-library-redeclaration]
  CHECK_FUNCTION_EXISTS(void);
  ^
<command line>:1:31: note: expanded from macro 'CHECK_FUNCTION_EXISTS'
#define CHECK_FUNCTION_EXISTS copysign
                              ^
/Applications/CLion.app/Contents/bin/cmake/mac/share/cmake-3.24/Modules/CheckFunctionExists.c:7:3: note: 'copysign' is a builtin with type 'double (double, double)'
<command line>:1:31: note: expanded from macro 'CHECK_FUNCTION_EXISTS'
#define CHECK_FUNCTION_EXISTS copysign
                              ^
1 warning generated.
[2/2] Linking C executable cmTC_67cfc



Determining if the function getopt exists passed with the following output:
Change Dir: /Users/kronos.di.vlad/Desktop/SEA_folder/cmake-build-debug/CMakeFiles/CMakeTmp

Run Build Command(s):/Applications/CLion.app/Contents/bin/ninja/mac/ninja cmTC_6baa8 && [1/2] Building C object CMakeFiles/cmTC_6baa8.dir/CheckFunctionExists.c.o
[2/2] Linking C executable cmTC_6baa8



Determining if the include file stddef.h exists passed with the following output:
Change Dir: /Users/kronos.di.vlad/Desktop/SEA_folder/cmake-build-debug/CMakeFiles/CMakeTmp

Run Build Command(s):/Applications/CLion.app/Contents/bin/ninja/mac/ninja cmTC_a5f21 && [1/2] Building C object CMakeFiles/cmTC_a5f21.dir/CheckIncludeFile.c.o
[2/2] Linking C executable cmTC_a5f21



Determining size of uint32_t passed with the following output:
Change Dir: /Users/kronos.di.vlad/Desktop/SEA_folder/cmake-build-debug/CMakeFiles/CMakeTmp

Run Build Command(s):/Applications/CLion.app/Contents/bin/ninja/mac/ninja cmTC_8711a && [1/2] Building C object CMakeFiles/cmTC_8711a.dir/SIZEOF_UINT32_T.c.o
[2/2] Linking C executable cmTC_8711a



Determining size of unsigned int passed with the following output:
Change Dir: /Users/kronos.di.vlad/Desktop/SEA_folder/cmake-build-debug/CMakeFiles/CMakeTmp

Run Build Command(s):/Applications/CLion.app/Contents/bin/ninja/mac/ninja cmTC_94ec5 && [1/2] Building C object CMakeFiles/cmTC_94ec5.dir/SIZEOF_UNSIGNED_INT.c.o
[2/2] Linking C executable cmTC_94ec5



Determining size of unsigned long passed with the following output:
Change Dir: /Users/kronos.di.vlad/Desktop/SEA_folder/cmake-build-debug/CMakeFiles/CMakeTmp

Run Build Command(s):/Applications/CLion.app/Contents/bin/ninja/mac/ninja cmTC_87c47 && [1/2] Building C object CMakeFiles/cmTC_87c47.dir/SIZEOF_UNSIGNED_LONG.c.o
[2/2] Linking C executable cmTC_87c47



Determining if the function sqrt exists in the m passed with the following output:
Change Dir: /Users/kronos.di.vlad/Desktop/SEA_folder/cmake-build-debug/CMakeFiles/CMakeTmp

Run Build Command(s):/Applications/CLion.app/Contents/bin/ninja/mac/ninja cmTC_283e6 && [1/2] Building C object CMakeFiles/cmTC_283e6.dir/CheckFunctionExists.c.o
/Applications/CLion.app/Contents/bin/cmake/mac/share/cmake-3.24/Modules/CheckFunctionExists.c:7:3: warning: incompatible redeclaration of library function 'sqrt' [-Wincompatible-library-redeclaration]
  CHECK_FUNCTION_EXISTS(void);
  ^
<command line>:1:31: note: expanded from macro 'CHECK_FUNCTION_EXISTS'
#define CHECK_FUNCTION_EXISTS sqrt
                              ^
/Applications/CLion.app/Contents/bin/cmake/mac/share/cmake-3.24/Modules/CheckFunctionExists.c:7:3: note: 'sqrt' is a builtin with type 'double (double)'
<command line>:1:31: note: expanded from macro 'CHECK_FUNCTION_EXISTS'
#define CHECK_FUNCTION_EXISTS sqrt
                              ^
1 warning generated.
[2/2] Linking C executable cmTC_283e6



Performing C SOURCE FILE Test HAVE_THREAD_LOCAL_STORAGE succeeded with the following output:
Change Dir: /Users/kronos.di.vlad/Desktop/SEA_folder/cmake-build-debug/CMakeFiles/CMakeTmp

Run Build Command(s):/Applications/CLion.app/Contents/bin/ninja/mac/ninja cmTC_1068e && [1/2] Building C object CMakeFiles/cmTC_1068e.dir/src.c.o
[2/2] Linking C executable cmTC_1068e


Source file was:

    __thread int tls;

    int main(void) {
        return 0;
    }
Determining if the __cplusplus exist passed with the following output:
Change Dir: /Users/kronos.di.vlad/Desktop/SEA_folder/cmake-build-debug/CMakeFiles/CMakeTmp

Run Build Command(s):/Applications/CLion.app/Contents/bin/ninja/mac/ninja cmTC_e8ccf && [1/2] Building CXX object CMakeFiles/cmTC_e8ccf.dir/CheckSymbolExists.cxx.o
[2/2] Linking CXX executable cmTC_e8ccf


File /Users/kronos.di.vlad/Desktop/SEA_folder/cmake-build-debug/CMakeFiles/CMakeTmp/CheckSymbolExists.cxx:
/* */
#include <ciso646>

int main(int argc, char** argv)
{
  (void)argv;
#ifndef __cplusplus
  return ((int*)(&__cplusplus))[argc];
#else
  (void)argc;
  return 0;
#endif
}
Performing C++ SOURCE FILE Test SUPPORTS_STDCXX11 succeeded with the following output:
Change Dir: /Users/kronos.di.vlad/Desktop/SEA_folder/cmake-build-debug/CMakeFiles/CMakeTmp

Run Build Command(s):/Applications/CLion.app/Contents/bin/ninja/mac/ninja cmTC_dfd19 && [1/2] Building CXX object CMakeFiles/cmTC_dfd19.dir/src.cxx.o
[2/2] Linking CXX executable cmTC_dfd19


Source file was:
int main() { return 0; }
Performing C SOURCE FILE Test HAS_FPIC succeeded with the following output:
Change Dir: /Users/kronos.di.vlad/Desktop/SEA_folder/cmake-build-debug/CMakeFiles/CMakeTmp

Run Build Command(s):/Applications/CLion.app/Contents/bin/ninja/mac/ninja cmTC_00530 && [1/2] Building C object CMakeFiles/cmTC_00530.dir/src.c.o
[2/2] Linking C executable cmTC_00530


Source file was:
int main(void) { return 0; }
